<?xml version="1.0" encoding="UTF-8"?>
<testng-results skipped="0" failed="1" ignored="0" total="2" passed="1">
  <reporter-output>
    <line>
      <![CDATA[Login Test successfully started]]>
    </line>
    <line>
      <![CDATA[Login Test succesfully executed]]>
    </line>
    <line>
      <![CDATA[Login Test successfully started]]>
    </line>
    <line>
      <![CDATA[Click to see screenshot]]>
    </line>
    <line>
      <![CDATA[<a target="_blank" href=Fri_Jan_05_11_16_02_IST_2018.jpg>Screenshots</a>]]>
    </line>
    <line>
      <![CDATA[<br>]]>
    </line>
    <line>
      <![CDATA[<br>]]>
    </line>
    <line>
      <![CDATA[<a target="_blank" href=Fri_Jan_05_11_16_02_IST_2018.jpg><img src=Fri_Jan_05_11_16_02_IST_2018.jpg height=200 width=200></img></a>]]>
    </line>
  </reporter-output>
  <suite name="Page Object Model" duration-ms="15500" started-at="2018-01-05T05:45:46Z" finished-at="2018-01-05T05:46:02Z">
    <groups>
    </groups>
    <test name="Login Test" duration-ms="4992" started-at="2018-01-05T05:45:46Z" finished-at="2018-01-05T05:45:51Z">
      <class name="com.pageobject.testcases.LoginTest">
        <test-method status="PASS" signature="loginTest(java.lang.String, java.lang.String, java.lang.String)[pri:0, instance:com.pageobject.testcases.LoginTest@43b914]" name="loginTest" duration-ms="4630" started-at="2018-01-05T11:15:47Z" data-provider="dp" finished-at="2018-01-05T11:15:51Z">
          <params>
            <param index="0">
              <value>
                <![CDATA[anshulgoyal190@gmail.com]]>
              </value>
            </param>
            <param index="1">
              <value>
                <![CDATA[Anshul@12345]]>
              </value>
            </param>
            <param index="2">
              <value>
                <![CDATA[Y]]>
              </value>
            </param>
          </params>
          <reporter-output>
            <line>
              <![CDATA[Login Test successfully started]]>
            </line>
            <line>
              <![CDATA[Login Test succesfully executed]]>
            </line>
          </reporter-output>
        </test-method> <!-- loginTest -->
      </class> <!-- com.pageobject.testcases.LoginTest -->
    </test> <!-- Login Test -->
    <test name="Create Account Test" duration-ms="10489" started-at="2018-01-05T05:45:52Z" finished-at="2018-01-05T05:46:02Z">
      <class name="com.pageobject.testcases.CreateAccountTest">
        <test-method status="FAIL" signature="createAccountTest(java.lang.String, java.lang.String)[pri:0, instance:com.pageobject.testcases.CreateAccountTest@92fab5]" name="createAccountTest" duration-ms="10110" started-at="2018-01-05T11:15:52Z" data-provider="dp" finished-at="2018-01-05T11:16:02Z">
          <params>
            <param index="0">
              <value>
                <![CDATA[Anshul]]>
              </value>
            </param>
            <param index="1">
              <value>
                <![CDATA[Y]]>
              </value>
            </param>
          </params>
          <exception class="org.openqa.selenium.NoSuchElementException">
            <message>
              <![CDATA[Unable to locate element: {"method":"xpath","selector":"html/body/div[2]/div/div[1]/div[3]/div/a/div"}
Command duration or timeout: 10.10 seconds
For documentation on this error, please visit: http://seleniumhq.org/exceptions/no_such_element.html
Build info: version: '2.53.1', revision: 'a36b8b1cd5757287168e54b817830adce9b0158d', time: '2016-06-30 19:26:09'
System info: host: 'ind496', ip: '192.168.56.1', os.name: 'Windows Vista', os.arch: 'x86', os.version: '6.0', java.version: '1.8.0_102'
Driver info: org.openqa.selenium.firefox.FirefoxDriver
Capabilities [{applicationCacheEnabled=true, rotatable=false, handlesAlerts=true, databaseEnabled=true, version=47.0.2, platform=WINDOWS, nativeEvents=false, acceptSslCerts=true, webStorageEnabled=true, locationContextEnabled=true, browserName=firefox, takesScreenshot=true, javascriptEnabled=true, cssSelectorsEnabled=true}]
Session ID: 685b0f17-1343-4803-9552-84d061fe234d
*** Element info: {Using=xpath, value=html/body/div[2]/div/div[1]/div[3]/div/a/div}]]>
            </message>
            <full-stacktrace>
              <![CDATA[org.openqa.selenium.NoSuchElementException: Unable to locate element: {"method":"xpath","selector":"html/body/div[2]/div/div[1]/div[3]/div/a/div"}
Command duration or timeout: 10.10 seconds
For documentation on this error, please visit: http://seleniumhq.org/exceptions/no_such_element.html
Build info: version: '2.53.1', revision: 'a36b8b1cd5757287168e54b817830adce9b0158d', time: '2016-06-30 19:26:09'
System info: host: 'ind496', ip: '192.168.56.1', os.name: 'Windows Vista', os.arch: 'x86', os.version: '6.0', java.version: '1.8.0_102'
Driver info: org.openqa.selenium.firefox.FirefoxDriver
Capabilities [{applicationCacheEnabled=true, rotatable=false, handlesAlerts=true, databaseEnabled=true, version=47.0.2, platform=WINDOWS, nativeEvents=false, acceptSslCerts=true, webStorageEnabled=true, locationContextEnabled=true, browserName=firefox, takesScreenshot=true, javascriptEnabled=true, cssSelectorsEnabled=true}]
Session ID: 685b0f17-1343-4803-9552-84d061fe234d
*** Element info: {Using=xpath, value=html/body/div[2]/div/div[1]/div[3]/div/a/div}
	at sun.reflect.NativeConstructorAccessorImpl.newInstance0(Native Method)
	at sun.reflect.NativeConstructorAccessorImpl.newInstance(NativeConstructorAccessorImpl.java:62)
	at sun.reflect.DelegatingConstructorAccessorImpl.newInstance(DelegatingConstructorAccessorImpl.java:45)
	at java.lang.reflect.Constructor.newInstance(Constructor.java:423)
	at org.openqa.selenium.remote.ErrorHandler.createThrowable(ErrorHandler.java:206)
	at org.openqa.selenium.remote.ErrorHandler.throwIfResponseFailed(ErrorHandler.java:158)
	at org.openqa.selenium.remote.RemoteWebDriver.execute(RemoteWebDriver.java:678)
	at org.openqa.selenium.remote.RemoteWebDriver.findElement(RemoteWebDriver.java:363)
	at org.openqa.selenium.remote.RemoteWebDriver.findElementByXPath(RemoteWebDriver.java:500)
	at org.openqa.selenium.By$ByXPath.findElement(By.java:361)
	at org.openqa.selenium.remote.RemoteWebDriver.findElement(RemoteWebDriver.java:355)
	at com.pageobject.base.Page.click(Page.java:188)
	at com.pageobject.pages.ZohoAppPage.goToCRM(ZohoAppPage.java:12)
	at com.pageobject.testcases.CreateAccountTest.createAccountTest(CreateAccountTest.java:26)
	at sun.reflect.NativeMethodAccessorImpl.invoke0(Native Method)
	at sun.reflect.NativeMethodAccessorImpl.invoke(NativeMethodAccessorImpl.java:62)
	at sun.reflect.DelegatingMethodAccessorImpl.invoke(DelegatingMethodAccessorImpl.java:43)
	at java.lang.reflect.Method.invoke(Method.java:498)
	at org.testng.internal.MethodInvocationHelper.invokeMethod(MethodInvocationHelper.java:108)
	at org.testng.internal.Invoker.invokeMethod(Invoker.java:661)
	at org.testng.internal.Invoker.invokeTestMethod(Invoker.java:869)
	at org.testng.internal.Invoker.invokeTestMethods(Invoker.java:1193)
	at org.testng.internal.TestMethodWorker.invokeTestMethods(TestMethodWorker.java:126)
	at org.testng.internal.TestMethodWorker.run(TestMethodWorker.java:109)
	at org.testng.TestRunner.privateRun(TestRunner.java:744)
	at org.testng.TestRunner.run(TestRunner.java:602)
	at org.testng.SuiteRunner.runTest(SuiteRunner.java:380)
	at org.testng.SuiteRunner.runSequentially(SuiteRunner.java:375)
	at org.testng.SuiteRunner.privateRun(SuiteRunner.java:340)
	at org.testng.SuiteRunner.run(SuiteRunner.java:289)
	at org.testng.SuiteRunnerWorker.runSuite(SuiteRunnerWorker.java:52)
	at org.testng.SuiteRunnerWorker.run(SuiteRunnerWorker.java:86)
	at org.testng.TestNG.runSuitesSequentially(TestNG.java:1301)
	at org.testng.TestNG.runSuitesLocally(TestNG.java:1226)
	at org.testng.TestNG.runSuites(TestNG.java:1144)
	at org.testng.TestNG.run(TestNG.java:1115)
	at org.apache.maven.surefire.testng.TestNGExecutor.run(TestNGExecutor.java:295)
	at org.apache.maven.surefire.testng.TestNGXmlTestSuite.execute(TestNGXmlTestSuite.java:84)
	at org.apache.maven.surefire.testng.TestNGProvider.invoke(TestNGProvider.java:90)
	at org.apache.maven.surefire.booter.ForkedBooter.invokeProviderInSameClassLoader(ForkedBooter.java:203)
	at org.apache.maven.surefire.booter.ForkedBooter.runSuitesInProcess(ForkedBooter.java:155)
	at org.apache.maven.surefire.booter.ForkedBooter.main(ForkedBooter.java:103)
Caused by: org.openqa.selenium.NoSuchElementException: Unable to locate element: {"method":"xpath","selector":"html/body/div[2]/div/div[1]/div[3]/div/a/div"}
For documentation on this error, please visit: http://seleniumhq.org/exceptions/no_such_element.html
Build info: version: '2.53.1', revision: 'a36b8b1cd5757287168e54b817830adce9b0158d', time: '2016-06-30 19:26:09'
System info: host: 'ind496', ip: '192.168.56.1', os.name: 'Windows Vista', os.arch: 'x86', os.version: '6.0', java.version: '1.8.0_102'
Driver info: driver.version: unknown
	at <anonymous class>.FirefoxDriver.prototype.findElementInternal_(file:///C:/Users/indianic/AppData/Local/Temp/anonymous6736695880967324404webdriver-profile/extensions/fxdriver@googlecode.com/components/driver-component.js:10770)
	at <anonymous class>.fxdriver.Timer.prototype.setTimeout/<.notify(file:///C:/Users/indianic/AppData/Local/Temp/anonymous6736695880967324404webdriver-profile/extensions/fxdriver@googlecode.com/components/driver-component.js:625)
]]>
            </full-stacktrace>
          </exception> <!-- org.openqa.selenium.NoSuchElementException -->
          <reporter-output>
            <line>
              <![CDATA[Login Test successfully started]]>
            </line>
            <line>
              <![CDATA[Click to see screenshot]]>
            </line>
            <line>
              <![CDATA[<a target="_blank" href=Fri_Jan_05_11_16_02_IST_2018.jpg>Screenshots</a>]]>
            </line>
            <line>
              <![CDATA[<br>]]>
            </line>
            <line>
              <![CDATA[<br>]]>
            </line>
            <line>
              <![CDATA[<a target="_blank" href=Fri_Jan_05_11_16_02_IST_2018.jpg><img src=Fri_Jan_05_11_16_02_IST_2018.jpg height=200 width=200></img></a>]]>
            </line>
          </reporter-output>
        </test-method> <!-- createAccountTest -->
      </class> <!-- com.pageobject.testcases.CreateAccountTest -->
    </test> <!-- Create Account Test -->
  </suite> <!-- Page Object Model -->
</testng-results>
